{"metadata":{"level":"error","message":"Uncaught Exception: Cannot read properties of undefined (reading 'bind')","stack":"TypeError: Cannot read properties of undefined (reading 'bind')\n    at new FileAnalyzer (/home/linuxuser/chatgpt-api/FileAnalyzer.js:17:65)\n    at /home/linuxuser/chatgpt-api/index.js:157:22\n    at Layer.handle [as handle_request] (/home/linuxuser/chatgpt-api/node_modules/express/lib/router/layer.js:95:5)\n    at next (/home/linuxuser/chatgpt-api/node_modules/express/lib/router/route.js:149:13)\n    at Route.dispatch (/home/linuxuser/chatgpt-api/node_modules/express/lib/router/route.js:119:3)\n    at Layer.handle [as handle_request] (/home/linuxuser/chatgpt-api/node_modules/express/lib/router/layer.js:95:5)\n    at /home/linuxuser/chatgpt-api/node_modules/express/lib/router/index.js:284:15\n    at Function.process_params (/home/linuxuser/chatgpt-api/node_modules/express/lib/router/index.js:346:12)\n    at next (/home/linuxuser/chatgpt-api/node_modules/express/lib/router/index.js:280:10)\n    at /home/linuxuser/chatgpt-api/index.js:35:5","timestamp":"2025-03-16T00:49:51.990Z"}}
{"metadata":{"level":"error","message":"Uncaught Exception: Cannot read properties of undefined (reading 'bind')","stack":"TypeError: Cannot read properties of undefined (reading 'bind')\n    at new FileAnalyzer (/home/linuxuser/chatgpt-api/FileAnalyzer.js:17:65)\n    at /home/linuxuser/chatgpt-api/index.js:157:22\n    at Layer.handle [as handle_request] (/home/linuxuser/chatgpt-api/node_modules/express/lib/router/layer.js:95:5)\n    at next (/home/linuxuser/chatgpt-api/node_modules/express/lib/router/route.js:149:13)\n    at Route.dispatch (/home/linuxuser/chatgpt-api/node_modules/express/lib/router/route.js:119:3)\n    at Layer.handle [as handle_request] (/home/linuxuser/chatgpt-api/node_modules/express/lib/router/layer.js:95:5)\n    at /home/linuxuser/chatgpt-api/node_modules/express/lib/router/index.js:284:15\n    at Function.process_params (/home/linuxuser/chatgpt-api/node_modules/express/lib/router/index.js:346:12)\n    at next (/home/linuxuser/chatgpt-api/node_modules/express/lib/router/index.js:280:10)\n    at /home/linuxuser/chatgpt-api/index.js:35:5","timestamp":"2025-03-16T03:20:02.031Z"}}
{"code":"ENOENT","errno":-2,"metadata":{"level":"error","message":"Error listing files: ENOENT: no such file or directory, scandir '/home/linuxuser/chatgpt-api/home/linuxuser/apk/seagm'","stack":"Error: ENOENT: no such file or directory, scandir '/home/linuxuser/chatgpt-api/home/linuxuser/apk/seagm'","timestamp":"2025-03-16T03:31:15.531Z"},"path":"/home/linuxuser/chatgpt-api/home/linuxuser/apk/seagm","syscall":"scandir"}
{"metadata":{"level":"error","message":"Command execution error: Command failed: mkdir -p /Users/shepherdbradley/Desktop/test-folder\nmkdir: /Users/shepherdbradley/Desktop/test-folder: File exists\n","timestamp":"2025-03-16T06:42:28.364Z"}}
{"metadata":{"level":"error","message":"Command execution error: Command failed: pip3 install tensorflow\nERROR: Could not find a version that satisfies the requirement tensorflow (from versions: none)\nERROR: No matching distribution found for tensorflow\n","timestamp":"2025-03-16T06:47:39.451Z"}}
{"code":"ESRCH","errno":-3,"level":"error","message":"Error stopping command 1742108435109: kill ESRCH","stack":"Error: kill ESRCH\n    at process.kill (node:internal/process/per_thread:223:13)\n    at CommandManager.stopCommand (/Users/shepherdbradley/Desktop/thư mục không có tiêu đề/api/utils/CommandManager.js:220:25)\n    at /Users/shepherdbradley/Desktop/thư mục không có tiêu đề/api/routes/systemRoutes.js:49:40\n    at Layer.handle [as handle_request] (/Users/shepherdbradley/Desktop/thư mục không có tiêu đề/node_modules/express/lib/router/layer.js:95:5)\n    at next (/Users/shepherdbradley/Desktop/thư mục không có tiêu đề/node_modules/express/lib/router/route.js:149:13)\n    at Route.dispatch (/Users/shepherdbradley/Desktop/thư mục không có tiêu đề/node_modules/express/lib/router/route.js:119:3)\n    at Layer.handle [as handle_request] (/Users/shepherdbradley/Desktop/thư mục không có tiêu đề/node_modules/express/lib/router/layer.js:95:5)\n    at /Users/shepherdbradley/Desktop/thư mục không có tiêu đề/node_modules/express/lib/router/index.js:284:15\n    at param (/Users/shepherdbradley/Desktop/thư mục không có tiêu đề/node_modules/express/lib/router/index.js:365:14)\n    at param (/Users/shepherdbradley/Desktop/thư mục không có tiêu đề/node_modules/express/lib/router/index.js:376:14)","syscall":"kill","timestamp":"2025-03-16T07:00:49.538Z"}
{"code":"ESRCH","errno":-3,"level":"error","message":"Error stopping command 1742108511408: kill ESRCH","stack":"Error: kill ESRCH\n    at process.kill (node:internal/process/per_thread:223:13)\n    at CommandManager.stopCommand (/Users/shepherdbradley/Desktop/thư mục không có tiêu đề/api/utils/CommandManager.js:220:25)\n    at /Users/shepherdbradley/Desktop/thư mục không có tiêu đề/api/routes/systemRoutes.js:49:40\n    at Layer.handle [as handle_request] (/Users/shepherdbradley/Desktop/thư mục không có tiêu đề/node_modules/express/lib/router/layer.js:95:5)\n    at next (/Users/shepherdbradley/Desktop/thư mục không có tiêu đề/node_modules/express/lib/router/route.js:149:13)\n    at Route.dispatch (/Users/shepherdbradley/Desktop/thư mục không có tiêu đề/node_modules/express/lib/router/route.js:119:3)\n    at Layer.handle [as handle_request] (/Users/shepherdbradley/Desktop/thư mục không có tiêu đề/node_modules/express/lib/router/layer.js:95:5)\n    at /Users/shepherdbradley/Desktop/thư mục không có tiêu đề/node_modules/express/lib/router/index.js:284:15\n    at param (/Users/shepherdbradley/Desktop/thư mục không có tiêu đề/node_modules/express/lib/router/index.js:365:14)\n    at param (/Users/shepherdbradley/Desktop/thư mục không có tiêu đề/node_modules/express/lib/router/index.js:376:14)","syscall":"kill","timestamp":"2025-03-16T07:01:58.039Z"}
{"level":"error","message":"Error analyzing file: fileAnalyzer is not defined","stack":"ReferenceError: fileAnalyzer is not defined\n    at /Users/shepherdbradley/Desktop/thư mục không có tiêu đề/index.js:556:26\n    at Layer.handle [as handle_request] (/Users/shepherdbradley/Desktop/thư mục không có tiêu đề/node_modules/express/lib/router/layer.js:95:5)\n    at next (/Users/shepherdbradley/Desktop/thư mục không có tiêu đề/node_modules/express/lib/router/route.js:149:13)\n    at Route.dispatch (/Users/shepherdbradley/Desktop/thư mục không có tiêu đề/node_modules/express/lib/router/route.js:119:3)\n    at Layer.handle [as handle_request] (/Users/shepherdbradley/Desktop/thư mục không có tiêu đề/node_modules/express/lib/router/layer.js:95:5)\n    at /Users/shepherdbradley/Desktop/thư mục không có tiêu đề/node_modules/express/lib/router/index.js:284:15\n    at Function.process_params (/Users/shepherdbradley/Desktop/thư mục không có tiêu đề/node_modules/express/lib/router/index.js:346:12)\n    at next (/Users/shepherdbradley/Desktop/thư mục không có tiêu đề/node_modules/express/lib/router/index.js:280:10)\n    at Layer.handle [as handle_request] (/Users/shepherdbradley/Desktop/thư mục không có tiêu đề/node_modules/express/lib/router/layer.js:91:12)\n    at trim_prefix (/Users/shepherdbradley/Desktop/thư mục không có tiêu đề/node_modules/express/lib/router/index.js:328:13)","timestamp":"2025-03-16T07:19:03.472Z"}
{"code":"ECONNREFUSED","level":"error","message":"Error creating ngrok tunnel: connect ECONNREFUSED 127.0.0.1:4040","name":"RequestError","stack":"RequestError: connect ECONNREFUSED 127.0.0.1:4040\n    at ClientRequest.<anonymous> (/Users/shepherdbradley/Desktop/thư mục không có tiêu đề/node_modules/got/dist/source/core/index.js:970:111)\n    at Object.onceWrapper (node:events:639:26)\n    at ClientRequest.emit (node:events:536:35)\n    at origin.emit (/Users/shepherdbradley/Desktop/thư mục không có tiêu đề/node_modules/@szmarczak/http-timer/dist/source/index.js:43:20)\n    at emitErrorEvent (node:_http_client:104:11)\n    at Socket.socketErrorListener (node:_http_client:518:5)\n    at Socket.emit (node:events:524:28)\n    at emitErrorNT (node:internal/streams/destroy:170:8)\n    at emitErrorCloseNT (node:internal/streams/destroy:129:3)\n    at process.processTicksAndRejections (node:internal/process/task_queues:90:21)\n    at TCPConnectWrap.afterConnect [as oncomplete] (node:net:1634:16)","timestamp":"2025-03-16T07:46:53.769Z","timings":{"error":1742111213768,"phases":{"total":1,"wait":0},"socket":1742111213767,"start":1742111213767}}
{"code":"ECONNREFUSED","level":"error","message":"Error creating ngrok tunnel: connect ECONNREFUSED 127.0.0.1:4041","name":"RequestError","stack":"RequestError: connect ECONNREFUSED 127.0.0.1:4041\n    at ClientRequest.<anonymous> (/Users/shepherdbradley/Desktop/thư mục không có tiêu đề/node_modules/got/dist/source/core/index.js:970:111)\n    at Object.onceWrapper (node:events:639:26)\n    at ClientRequest.emit (node:events:536:35)\n    at origin.emit (/Users/shepherdbradley/Desktop/thư mục không có tiêu đề/node_modules/@szmarczak/http-timer/dist/source/index.js:43:20)\n    at emitErrorEvent (node:_http_client:104:11)\n    at Socket.socketErrorListener (node:_http_client:518:5)\n    at Socket.emit (node:events:524:28)\n    at emitErrorNT (node:internal/streams/destroy:170:8)\n    at emitErrorCloseNT (node:internal/streams/destroy:129:3)\n    at process.processTicksAndRejections (node:internal/process/task_queues:90:21)\n    at TCPConnectWrap.afterConnect [as oncomplete] (node:net:1634:16)","timestamp":"2025-03-16T07:50:22.506Z","timings":{"error":1742111422504,"phases":{"total":1,"wait":0},"socket":1742111422503,"start":1742111422503}}
{"code":"ECONNREFUSED","level":"error","message":"Error creating ngrok tunnel: connect ECONNREFUSED 127.0.0.1:4041","name":"RequestError","stack":"RequestError: connect ECONNREFUSED 127.0.0.1:4041\n    at ClientRequest.<anonymous> (/Users/shepherdbradley/Desktop/thư mục không có tiêu đề/node_modules/got/dist/source/core/index.js:970:111)\n    at Object.onceWrapper (node:events:639:26)\n    at ClientRequest.emit (node:events:536:35)\n    at origin.emit (/Users/shepherdbradley/Desktop/thư mục không có tiêu đề/node_modules/@szmarczak/http-timer/dist/source/index.js:43:20)\n    at emitErrorEvent (node:_http_client:104:11)\n    at Socket.socketErrorListener (node:_http_client:518:5)\n    at Socket.emit (node:events:524:28)\n    at emitErrorNT (node:internal/streams/destroy:170:8)\n    at emitErrorCloseNT (node:internal/streams/destroy:129:3)\n    at process.processTicksAndRejections (node:internal/process/task_queues:90:21)\n    at TCPConnectWrap.afterConnect [as oncomplete] (node:net:1634:16)","timestamp":"2025-03-16T08:08:01.635Z","timings":{"error":1742112481633,"phases":{"total":1,"wait":0},"socket":1742112481632,"start":1742112481632}}
{"code":"ECONNREFUSED","level":"error","message":"Error creating ngrok tunnel: connect ECONNREFUSED 127.0.0.1:4041","name":"RequestError","stack":"RequestError: connect ECONNREFUSED 127.0.0.1:4041\n    at ClientRequest.<anonymous> (/Users/shepherdbradley/Desktop/thư mục không có tiêu đề/node_modules/got/dist/source/core/index.js:970:111)\n    at Object.onceWrapper (node:events:639:26)\n    at ClientRequest.emit (node:events:536:35)\n    at origin.emit (/Users/shepherdbradley/Desktop/thư mục không có tiêu đề/node_modules/@szmarczak/http-timer/dist/source/index.js:43:20)\n    at emitErrorEvent (node:_http_client:104:11)\n    at Socket.socketErrorListener (node:_http_client:518:5)\n    at Socket.emit (node:events:524:28)\n    at emitErrorNT (node:internal/streams/destroy:170:8)\n    at emitErrorCloseNT (node:internal/streams/destroy:129:3)\n    at process.processTicksAndRejections (node:internal/process/task_queues:90:21)\n    at TCPConnectWrap.afterConnect [as oncomplete] (node:net:1634:16)","timestamp":"2025-03-16T08:11:13.826Z","timings":{"error":1742112673823,"phases":{"total":2,"wait":1},"socket":1742112673822,"start":1742112673821}}
{"level":"error","message":"Error moving file: EROFS: read-only file system, copyfile '/Users/shepherdbradley/Desktop/thư mục không có tiêu đề/uploads/2b390351b706fe532b983095985c35e9' -> '/test.txt'","timestamp":"2025-03-16T08:16:33.163Z"}
{"code":"EROFS","dest":"/test.txt","errno":-30,"level":"error","message":"Upload error: EROFS: read-only file system, copyfile '/Users/shepherdbradley/Desktop/thư mục không có tiêu đề/uploads/2b390351b706fe532b983095985c35e9' -> '/test.txt'","path":"/Users/shepherdbradley/Desktop/thư mục không có tiêu đề/uploads/2b390351b706fe532b983095985c35e9","stack":"Error: EROFS: read-only file system, copyfile '/Users/shepherdbradley/Desktop/thư mục không có tiêu đề/uploads/2b390351b706fe532b983095985c35e9' -> '/test.txt'","syscall":"copyfile","timestamp":"2025-03-16T08:16:33.164Z"}
{"code":"ECONNREFUSED","level":"error","message":"Error creating ngrok tunnel: connect ECONNREFUSED 127.0.0.1:4041","name":"RequestError","stack":"RequestError: connect ECONNREFUSED 127.0.0.1:4041\n    at ClientRequest.<anonymous> (/Users/shepherdbradley/Desktop/thư mục không có tiêu đề/node_modules/got/dist/source/core/index.js:970:111)\n    at Object.onceWrapper (node:events:639:26)\n    at ClientRequest.emit (node:events:536:35)\n    at origin.emit (/Users/shepherdbradley/Desktop/thư mục không có tiêu đề/node_modules/@szmarczak/http-timer/dist/source/index.js:43:20)\n    at emitErrorEvent (node:_http_client:104:11)\n    at Socket.socketErrorListener (node:_http_client:518:5)\n    at Socket.emit (node:events:524:28)\n    at emitErrorNT (node:internal/streams/destroy:170:8)\n    at emitErrorCloseNT (node:internal/streams/destroy:129:3)\n    at process.processTicksAndRejections (node:internal/process/task_queues:90:21)\n    at TCPConnectWrap.afterConnect [as oncomplete] (node:net:1634:16)","timestamp":"2025-03-16T08:22:21.186Z","timings":{"error":1742113341183,"phases":{"total":2,"wait":1},"socket":1742113341182,"start":1742113341181}}
{"code":"ECONNREFUSED","level":"error","message":"Error creating ngrok tunnel: connect ECONNREFUSED 127.0.0.1:4041","name":"RequestError","stack":"RequestError: connect ECONNREFUSED 127.0.0.1:4041\n    at ClientRequest.<anonymous> (/Users/shepherdbradley/Desktop/thư mục không có tiêu đề/node_modules/got/dist/source/core/index.js:970:111)\n    at Object.onceWrapper (node:events:639:26)\n    at ClientRequest.emit (node:events:536:35)\n    at origin.emit (/Users/shepherdbradley/Desktop/thư mục không có tiêu đề/node_modules/@szmarczak/http-timer/dist/source/index.js:43:20)\n    at emitErrorEvent (node:_http_client:104:11)\n    at Socket.socketErrorListener (node:_http_client:518:5)\n    at Socket.emit (node:events:524:28)\n    at emitErrorNT (node:internal/streams/destroy:170:8)\n    at emitErrorCloseNT (node:internal/streams/destroy:129:3)\n    at process.processTicksAndRejections (node:internal/process/task_queues:90:21)\n    at TCPConnectWrap.afterConnect [as oncomplete] (node:net:1634:16)","timestamp":"2025-03-16T08:31:29.902Z","timings":{"error":1742113889899,"phases":{"total":1,"wait":0},"socket":1742113889898,"start":1742113889898}}
{"code":"ECONNRESET","level":"error","message":"Error creating ngrok tunnel: read ECONNRESET","name":"RequestError","stack":"RequestError: read ECONNRESET\n    at ClientRequest.<anonymous> (/Users/shepherdbradley/Desktop/thư mục không có tiêu đề/node_modules/got/dist/source/core/index.js:970:111)\n    at Object.onceWrapper (node:events:639:26)\n    at ClientRequest.emit (node:events:536:35)\n    at origin.emit (/Users/shepherdbradley/Desktop/thư mục không có tiêu đề/node_modules/@szmarczak/http-timer/dist/source/index.js:43:20)\n    at emitErrorEvent (node:_http_client:104:11)\n    at Socket.socketErrorListener (node:_http_client:518:5)\n    at Socket.emit (node:events:524:28)\n    at emitErrorNT (node:internal/streams/destroy:170:8)\n    at emitErrorCloseNT (node:internal/streams/destroy:129:3)\n    at process.processTicksAndRejections (node:internal/process/task_queues:90:21)\n    at TCP.onStreamRead (node:internal/stream_base_commons:216:20)","timestamp":"2025-03-16T08:33:36.379Z","timings":{"connect":1742114016372,"error":1742114016375,"lookup":1742114016372,"phases":{"dns":0,"request":0,"tcp":0,"total":3,"wait":0},"socket":1742114016372,"start":1742114016372,"upload":1742114016372}}
{"code":"ECONNREFUSED","level":"error","message":"Error creating ngrok tunnel: connect ECONNREFUSED 127.0.0.1:4041","name":"RequestError","stack":"RequestError: connect ECONNREFUSED 127.0.0.1:4041\n    at ClientRequest.<anonymous> (/Users/shepherdbradley/Desktop/thư mục không có tiêu đề/node_modules/got/dist/source/core/index.js:970:111)\n    at Object.onceWrapper (node:events:639:26)\n    at ClientRequest.emit (node:events:536:35)\n    at origin.emit (/Users/shepherdbradley/Desktop/thư mục không có tiêu đề/node_modules/@szmarczak/http-timer/dist/source/index.js:43:20)\n    at emitErrorEvent (node:_http_client:104:11)\n    at Socket.socketErrorListener (node:_http_client:518:5)\n    at Socket.emit (node:events:524:28)\n    at emitErrorNT (node:internal/streams/destroy:170:8)\n    at emitErrorCloseNT (node:internal/streams/destroy:129:3)\n    at process.processTicksAndRejections (node:internal/process/task_queues:90:21)\n    at TCPConnectWrap.afterConnect [as oncomplete] (node:net:1634:16)","timestamp":"2025-03-16T08:37:38.591Z","timings":{"error":1742114258589,"phases":{"total":1,"wait":0},"socket":1742114258588,"start":1742114258588}}
{"code":"ECONNREFUSED","level":"error","message":"Error creating ngrok tunnel: connect ECONNREFUSED 127.0.0.1:4041","name":"RequestError","stack":"RequestError: connect ECONNREFUSED 127.0.0.1:4041\n    at ClientRequest.<anonymous> (/Users/shepherdbradley/Desktop/thư mục không có tiêu đề/node_modules/got/dist/source/core/index.js:970:111)\n    at Object.onceWrapper (node:events:639:26)\n    at ClientRequest.emit (node:events:536:35)\n    at origin.emit (/Users/shepherdbradley/Desktop/thư mục không có tiêu đề/node_modules/@szmarczak/http-timer/dist/source/index.js:43:20)\n    at emitErrorEvent (node:_http_client:104:11)\n    at Socket.socketErrorListener (node:_http_client:518:5)\n    at Socket.emit (node:events:524:28)\n    at emitErrorNT (node:internal/streams/destroy:170:8)\n    at emitErrorCloseNT (node:internal/streams/destroy:129:3)\n    at process.processTicksAndRejections (node:internal/process/task_queues:90:21)\n    at TCPConnectWrap.afterConnect [as oncomplete] (node:net:1634:16)","timestamp":"2025-03-16T08:39:45.508Z","timings":{"error":1742114385505,"phases":{"total":5,"wait":2},"socket":1742114385502,"start":1742114385500}}
{"metadata":{"level":"error","message":"Cache error: Cannot read properties of undefined (reading 'get')","stack":"TypeError: Cannot read properties of undefined (reading 'get')\n    at /Users/shepherdbradley/Desktop/thư mục không có tiêu đề/src/middleware/cache.js:11:48\n    at Layer.handle [as handle_request] (/Users/shepherdbradley/Desktop/thư mục không có tiêu đề/node_modules/express/lib/router/layer.js:95:5)\n    at next (/Users/shepherdbradley/Desktop/thư mục không có tiêu đề/node_modules/express/lib/router/route.js:149:13)\n    at /Users/shepherdbradley/Desktop/thư mục không có tiêu đề/node_modules/express-rate-limit/dist/index.cjs:659:7\n    at process.processTicksAndRejections (node:internal/process/task_queues:105:5)\n    at async /Users/shepherdbradley/Desktop/thư mục không có tiêu đề/node_modules/express-rate-limit/dist/index.cjs:576:5","timestamp":"2025-03-16T09:27:05.860Z"}}
{"metadata":{"level":"error","message":"Cache error: Cannot read properties of undefined (reading 'get')","stack":"TypeError: Cannot read properties of undefined (reading 'get')\n    at /Users/shepherdbradley/Desktop/thư mục không có tiêu đề/src/middleware/cache.js:11:48\n    at Layer.handle [as handle_request] (/Users/shepherdbradley/Desktop/thư mục không có tiêu đề/node_modules/express/lib/router/layer.js:95:5)\n    at next (/Users/shepherdbradley/Desktop/thư mục không có tiêu đề/node_modules/express/lib/router/route.js:149:13)\n    at /Users/shepherdbradley/Desktop/thư mục không có tiêu đề/node_modules/express-rate-limit/dist/index.cjs:659:7\n    at process.processTicksAndRejections (node:internal/process/task_queues:105:5)\n    at async /Users/shepherdbradley/Desktop/thư mục không có tiêu đề/node_modules/express-rate-limit/dist/index.cjs:576:5","timestamp":"2025-03-16T09:27:46.280Z"}}
{"cmd":"ps aux  head -5","code":1,"killed":false,"level":"error","message":"Error executing command: Command failed: ps aux  head -5\nps: illegal argument: head\nusage: ps [-AaCcEefhjlMmrSTvwXx] [-O fmt | -o fmt] [-G gid[,gid...]]\n          [-u]\n          [-p pid[,pid...]] [-t tty[,tty...]] [-U user[,user...]]\n       ps [-L]\n","signal":null,"stack":"Error: Command failed: ps aux  head -5\nps: illegal argument: head\nusage: ps [-AaCcEefhjlMmrSTvwXx] [-O fmt | -o fmt] [-G gid[,gid...]]\n          [-u]\n          [-p pid[,pid...]] [-t tty[,tty...]] [-U user[,user...]]\n       ps [-L]\n\n    at genericNodeError (node:internal/errors:983:15)\n    at wrappedFn (node:internal/errors:537:14)\n    at ChildProcess.exithandler (node:child_process:414:12)\n    at ChildProcess.emit (node:events:524:28)\n    at maybeClose (node:internal/child_process:1101:16)\n    at Socket.<anonymous> (node:internal/child_process:456:11)\n    at Socket.emit (node:events:524:28)\n    at Pipe.<anonymous> (node:net:351:12)","stderr":"ps: illegal argument: head\nusage: ps [-AaCcEefhjlMmrSTvwXx] [-O fmt | -o fmt] [-G gid[,gid...]]\n          [-u]\n          [-p pid[,pid...]] [-t tty[,tty...]] [-U user[,user...]]\n       ps [-L]\n","stdout":"","timestamp":"2025-03-17T02:38:38.998Z"}
{"cmd":"ps aux  head -5","code":1,"killed":false,"level":"error","message":"Error executing command: Command failed: ps aux  head -5\nps: illegal argument: head\nusage: ps [-AaCcEefhjlMmrSTvwXx] [-O fmt | -o fmt] [-G gid[,gid...]]\n          [-u]\n          [-p pid[,pid...]] [-t tty[,tty...]] [-U user[,user...]]\n       ps [-L]\n","signal":null,"stack":"Error: Command failed: ps aux  head -5\nps: illegal argument: head\nusage: ps [-AaCcEefhjlMmrSTvwXx] [-O fmt | -o fmt] [-G gid[,gid...]]\n          [-u]\n          [-p pid[,pid...]] [-t tty[,tty...]] [-U user[,user...]]\n       ps [-L]\n\n    at genericNodeError (node:internal/errors:983:15)\n    at wrappedFn (node:internal/errors:537:14)\n    at ChildProcess.exithandler (node:child_process:414:12)\n    at ChildProcess.emit (node:events:524:28)\n    at maybeClose (node:internal/child_process:1101:16)\n    at Socket.<anonymous> (node:internal/child_process:456:11)\n    at Socket.emit (node:events:524:28)\n    at Pipe.<anonymous> (node:net:351:12)","stderr":"ps: illegal argument: head\nusage: ps [-AaCcEefhjlMmrSTvwXx] [-O fmt | -o fmt] [-G gid[,gid...]]\n          [-u]\n          [-p pid[,pid...]] [-t tty[,tty...]] [-U user[,user...]]\n       ps [-L]\n","stdout":"","timestamp":"2025-03-17T02:39:57.741Z"}
{"level":"error","message":"Error executing Python script: Script not found","stack":"Error: Script not found\n    at /Users/shepherdbradley/Desktop/chandoi/src/api/routes/pythonRoutes.js:17:20\n    at new Promise (<anonymous>)\n    at executePythonScript (/Users/shepherdbradley/Desktop/chandoi/src/api/routes/pythonRoutes.js:14:12)\n    at /Users/shepherdbradley/Desktop/chandoi/src/api/routes/pythonRoutes.js:91:30\n    at Layer.handle [as handle_request] (/Users/shepherdbradley/Desktop/chandoi/node_modules/express/lib/router/layer.js:95:5)\n    at next (/Users/shepherdbradley/Desktop/chandoi/node_modules/express/lib/router/route.js:149:13)\n    at Route.dispatch (/Users/shepherdbradley/Desktop/chandoi/node_modules/express/lib/router/route.js:119:3)\n    at Layer.handle [as handle_request] (/Users/shepherdbradley/Desktop/chandoi/node_modules/express/lib/router/layer.js:95:5)\n    at /Users/shepherdbradley/Desktop/chandoi/node_modules/express/lib/router/index.js:284:15\n    at Function.process_params (/Users/shepherdbradley/Desktop/chandoi/node_modules/express/lib/router/index.js:346:12)\n    at next (/Users/shepherdbradley/Desktop/chandoi/node_modules/express/lib/router/index.js:280:10)\n    at Function.handle (/Users/shepherdbradley/Desktop/chandoi/node_modules/express/lib/router/index.js:175:3)\n    at router (/Users/shepherdbradley/Desktop/chandoi/node_modules/express/lib/router/index.js:47:12)\n    at Layer.handle [as handle_request] (/Users/shepherdbradley/Desktop/chandoi/node_modules/express/lib/router/layer.js:95:5)\n    at trim_prefix (/Users/shepherdbradley/Desktop/chandoi/node_modules/express/lib/router/index.js:328:13)\n    at /Users/shepherdbradley/Desktop/chandoi/node_modules/express/lib/router/index.js:286:9","timestamp":"2025-03-17T02:49:45.582Z"}
{"level":"error","message":"Error executing Python script: Python process exited with code 1:   File \"/Users/shepherdbradley/Desktop/chandoi/src/python/error.py\", line 1\n    print(\"Missing quote)\n          ^\nSyntaxError: unterminated string literal (detected at line 1)\n","stack":"Error: Python process exited with code 1:   File \"/Users/shepherdbradley/Desktop/chandoi/src/python/error.py\", line 1\n    print(\"Missing quote)\n          ^\nSyntaxError: unterminated string literal (detected at line 1)\n\n    at ChildProcess.<anonymous> (/Users/shepherdbradley/Desktop/chandoi/src/api/routes/pythonRoutes.js:41:24)\n    at ChildProcess.emit (node:events:524:28)\n    at maybeClose (node:internal/child_process:1101:16)\n    at Socket.<anonymous> (node:internal/child_process:456:11)\n    at Socket.emit (node:events:524:28)\n    at Pipe.<anonymous> (node:net:351:12)","timestamp":"2025-03-17T02:50:14.291Z"}
{"level":"error","message":"Error executing Python script: Python script execution timed out","stack":"Error: Python script execution timed out\n    at Timeout._onTimeout (/Users/shepherdbradley/Desktop/chandoi/src/api/routes/pythonRoutes.js:55:20)\n    at listOnTimeout (node:internal/timers:594:17)\n    at process.processTimers (node:internal/timers:529:7)","timestamp":"2025-03-17T02:51:12.660Z"}
{"metadata":{"level":"error","message":"Error analyzing file /Users/shepherdbradley/Desktop/chandoi/test_analyze.txt: File not found: /Users/shepherdbradley/Desktop/chandoi/test_analyze.txt","stack":"Error: File not found: /Users/shepherdbradley/Desktop/chandoi/test_analyze.txt\n    at FileAnalyzer.analyzeFile (/Users/shepherdbradley/Desktop/chandoi/src/utils/fileAnalyzer.js:26:23)\n    at async /Users/shepherdbradley/Desktop/chandoi/src/api/routes/analyzeRoutes.js:16:26","timestamp":"2025-03-17T02:54:28.060Z"}}
{"metadata":{"level":"error","message":"Error analyzing file: File not found: /Users/shepherdbradley/Desktop/chandoi/test_analyze.txt","stack":"Error: File not found: /Users/shepherdbradley/Desktop/chandoi/test_analyze.txt\n    at FileAnalyzer.analyzeFile (/Users/shepherdbradley/Desktop/chandoi/src/utils/fileAnalyzer.js:26:23)\n    at async /Users/shepherdbradley/Desktop/chandoi/src/api/routes/analyzeRoutes.js:16:26","timestamp":"2025-03-17T02:54:28.061Z"}}
